{"C:\\Users\\Pablo\\ARZ_LOGISTIC\\api\\services\\today.js": {"path":"C:\\Users\\Pablo\\ARZ_LOGISTIC\\api\\services\\today.js","statementMap":{"0":{"start":{"line":1,"column":0},"end":{"line":16,"column":1}},"1":{"start":{"line":2,"column":13},"end":{"line":2,"column":23}},"2":{"start":{"line":3,"column":10},"end":{"line":3,"column":25}},"3":{"start":{"line":4,"column":10},"end":{"line":4,"column":30}},"4":{"start":{"line":6,"column":12},"end":{"line":6,"column":31}},"5":{"start":{"line":7,"column":1},"end":{"line":9,"column":2}},"6":{"start":{"line":8,"column":4},"end":{"line":8,"column":18}},"7":{"start":{"line":10,"column":1},"end":{"line":12,"column":2}},"8":{"start":{"line":11,"column":3},"end":{"line":11,"column":17}},"9":{"start":{"line":14,"column":1},"end":{"line":14,"column":22}}},"fnMap":{"0":{"name":"(anonymous_0)","decl":{"start":{"line":1,"column":15},"end":{"line":1,"column":16}},"loc":{"start":{"line":1,"column":25},"end":{"line":16,"column":1}},"line":1}},"branchMap":{"0":{"loc":{"start":{"line":7,"column":1},"end":{"line":9,"column":2}},"type":"if","locations":[{"start":{"line":7,"column":1},"end":{"line":9,"column":2}},{"start":{"line":7,"column":1},"end":{"line":9,"column":2}}],"line":7},"1":{"loc":{"start":{"line":10,"column":1},"end":{"line":12,"column":2}},"type":"if","locations":[{"start":{"line":10,"column":1},"end":{"line":12,"column":2}},{"start":{"line":10,"column":1},"end":{"line":12,"column":2}}],"line":10}},"s":{"0":1,"1":1,"2":1,"3":1,"4":1,"5":1,"6":1,"7":1,"8":1,"9":1},"f":{"0":1},"b":{"0":[1,0],"1":[1,0]},"_coverageSchema":"332fd63041d2c1bcb487cc26dd0d5f7d97098a6c","hash":"f59fb2bccd796f155865ecc11f22a5839a96bb77"}
,"C:\\Users\\Pablo\\ARZ_LOGISTIC\\test\\suma.js": {"path":"C:\\Users\\Pablo\\ARZ_LOGISTIC\\test\\suma.js","statementMap":{"0":{"start":{"line":1,"column":0},"end":{"line":9,"column":1}},"1":{"start":{"line":3,"column":2},"end":{"line":3,"column":13}},"2":{"start":{"line":7,"column":2},"end":{"line":7,"column":13}}},"fnMap":{"0":{"name":"(anonymous_0)","decl":{"start":{"line":2,"column":5},"end":{"line":2,"column":6}},"loc":{"start":{"line":2,"column":18},"end":{"line":4,"column":2}},"line":2},"1":{"name":"(anonymous_1)","decl":{"start":{"line":6,"column":5},"end":{"line":6,"column":6}},"loc":{"start":{"line":6,"column":18},"end":{"line":8,"column":2}},"line":6}},"branchMap":{},"s":{"0":1,"1":1,"2":1},"f":{"0":1,"1":1},"b":{},"_coverageSchema":"332fd63041d2c1bcb487cc26dd0d5f7d97098a6c","hash":"712989906c15f59e475c746541c5041c12098b20"}
}
