{"C:\\Users\\Pablo\\ARZ_LOGISTIC\\api\\controllers\\InboxController.js": {"path":"C:\\Users\\Pablo\\ARZ_LOGISTIC\\api\\controllers\\InboxController.js","statementMap":{"0":{"start":{"line":8,"column":0},"end":{"line":90,"column":2}},"1":{"start":{"line":17,"column":16},"end":{"line":17,"column":33}},"2":{"start":{"line":19,"column":1},"end":{"line":21,"column":2}},"3":{"start":{"line":20,"column":2},"end":{"line":20,"column":58}},"4":{"start":{"line":23,"column":1},"end":{"line":25,"column":2}},"5":{"start":{"line":24,"column":2},"end":{"line":24,"column":62}},"6":{"start":{"line":27,"column":12},"end":{"line":27,"column":58}},"7":{"start":{"line":28,"column":15},"end":{"line":28,"column":29}},"8":{"start":{"line":30,"column":1},"end":{"line":32,"column":2}},"9":{"start":{"line":31,"column":2},"end":{"line":31,"column":84}},"10":{"start":{"line":38,"column":1},"end":{"line":38,"column":34}},"11":{"start":{"line":40,"column":15},"end":{"line":41,"column":74}},"12":{"start":{"line":41,"column":20},"end":{"line":41,"column":72}},"13":{"start":{"line":42,"column":1},"end":{"line":44,"column":2}},"14":{"start":{"line":43,"column":2},"end":{"line":43,"column":25}},"15":{"start":{"line":45,"column":2},"end":{"line":45,"column":55}},"16":{"start":{"line":50,"column":12},"end":{"line":50,"column":23}},"17":{"start":{"line":51,"column":1},"end":{"line":51,"column":19}},"18":{"start":{"line":52,"column":3},"end":{"line":57,"column":6}},"19":{"start":{"line":53,"column":4},"end":{"line":55,"column":5}},"20":{"start":{"line":54,"column":5},"end":{"line":54,"column":58}},"21":{"start":{"line":56,"column":4},"end":{"line":56,"column":30}},"22":{"start":{"line":61,"column":3},"end":{"line":66,"column":7}},"23":{"start":{"line":62,"column":4},"end":{"line":64,"column":5}},"24":{"start":{"line":63,"column":5},"end":{"line":63,"column":58}},"25":{"start":{"line":65,"column":5},"end":{"line":65,"column":27}},"26":{"start":{"line":70,"column":17},"end":{"line":70,"column":32}},"27":{"start":{"line":71,"column":2},"end":{"line":85,"column":3}},"28":{"start":{"line":72,"column":3},"end":{"line":77,"column":6}},"29":{"start":{"line":73,"column":4},"end":{"line":75,"column":5}},"30":{"start":{"line":74,"column":5},"end":{"line":74,"column":58}},"31":{"start":{"line":76,"column":4},"end":{"line":76,"column":31}},"32":{"start":{"line":79,"column":3},"end":{"line":84,"column":6}},"33":{"start":{"line":80,"column":4},"end":{"line":82,"column":5}},"34":{"start":{"line":81,"column":5},"end":{"line":81,"column":58}},"35":{"start":{"line":83,"column":4},"end":{"line":83,"column":31}}},"fnMap":{"0":{"name":"(anonymous_0)","decl":{"start":{"line":41,"column":15},"end":{"line":41,"column":16}},"loc":{"start":{"line":41,"column":19},"end":{"line":41,"column":73}},"line":41},"1":{"name":"(anonymous_1)","decl":{"start":{"line":52,"column":50},"end":{"line":52,"column":51}},"loc":{"start":{"line":52,"column":69},"end":{"line":57,"column":4}},"line":52},"2":{"name":"(anonymous_2)","decl":{"start":{"line":61,"column":43},"end":{"line":61,"column":44}},"loc":{"start":{"line":61,"column":58},"end":{"line":66,"column":5}},"line":61},"3":{"name":"(anonymous_3)","decl":{"start":{"line":72,"column":27},"end":{"line":72,"column":28}},"loc":{"start":{"line":72,"column":47},"end":{"line":77,"column":4}},"line":72},"4":{"name":"(anonymous_4)","decl":{"start":{"line":79,"column":21},"end":{"line":79,"column":22}},"loc":{"start":{"line":79,"column":41},"end":{"line":84,"column":4}},"line":79}},"branchMap":{"0":{"loc":{"start":{"line":19,"column":1},"end":{"line":21,"column":2}},"type":"if","locations":[{"start":{"line":19,"column":1},"end":{"line":21,"column":2}},{"start":{"line":19,"column":1},"end":{"line":21,"column":2}}],"line":19},"1":{"loc":{"start":{"line":19,"column":4},"end":{"line":19,"column":64}},"type":"binary-expr","locations":[{"start":{"line":19,"column":4},"end":{"line":19,"column":40}},{"start":{"line":19,"column":44},"end":{"line":19,"column":64}}],"line":19},"2":{"loc":{"start":{"line":23,"column":1},"end":{"line":25,"column":2}},"type":"if","locations":[{"start":{"line":23,"column":1},"end":{"line":25,"column":2}},{"start":{"line":23,"column":1},"end":{"line":25,"column":2}}],"line":23},"3":{"loc":{"start":{"line":23,"column":5},"end":{"line":23,"column":74}},"type":"binary-expr","locations":[{"start":{"line":23,"column":5},"end":{"line":23,"column":45}},{"start":{"line":23,"column":49},"end":{"line":23,"column":74}}],"line":23},"4":{"loc":{"start":{"line":30,"column":1},"end":{"line":32,"column":2}},"type":"if","locations":[{"start":{"line":30,"column":1},"end":{"line":32,"column":2}},{"start":{"line":30,"column":1},"end":{"line":32,"column":2}}],"line":30},"5":{"loc":{"start":{"line":42,"column":1},"end":{"line":44,"column":2}},"type":"if","locations":[{"start":{"line":42,"column":1},"end":{"line":44,"column":2}},{"start":{"line":42,"column":1},"end":{"line":44,"column":2}}],"line":42},"6":{"loc":{"start":{"line":53,"column":4},"end":{"line":55,"column":5}},"type":"if","locations":[{"start":{"line":53,"column":4},"end":{"line":55,"column":5}},{"start":{"line":53,"column":4},"end":{"line":55,"column":5}}],"line":53},"7":{"loc":{"start":{"line":62,"column":4},"end":{"line":64,"column":5}},"type":"if","locations":[{"start":{"line":62,"column":4},"end":{"line":64,"column":5}},{"start":{"line":62,"column":4},"end":{"line":64,"column":5}}],"line":62},"8":{"loc":{"start":{"line":71,"column":2},"end":{"line":85,"column":3}},"type":"if","locations":[{"start":{"line":71,"column":2},"end":{"line":85,"column":3}},{"start":{"line":71,"column":2},"end":{"line":85,"column":3}}],"line":71},"9":{"loc":{"start":{"line":73,"column":4},"end":{"line":75,"column":5}},"type":"if","locations":[{"start":{"line":73,"column":4},"end":{"line":75,"column":5}},{"start":{"line":73,"column":4},"end":{"line":75,"column":5}}],"line":73},"10":{"loc":{"start":{"line":80,"column":4},"end":{"line":82,"column":5}},"type":"if","locations":[{"start":{"line":80,"column":4},"end":{"line":82,"column":5}},{"start":{"line":80,"column":4},"end":{"line":82,"column":5}}],"line":80}},"s":{"0":1,"1":0,"2":0,"3":0,"4":0,"5":0,"6":0,"7":0,"8":0,"9":0,"10":0,"11":0,"12":0,"13":0,"14":0,"15":0,"16":0,"17":0,"18":0,"19":0,"20":0,"21":0,"22":0,"23":0,"24":0,"25":0,"26":0,"27":0,"28":0,"29":0,"30":0,"31":0,"32":0,"33":0,"34":0,"35":0},"f":{"0":0,"1":0,"2":0,"3":0,"4":0},"b":{"0":[0,0],"1":[0,0],"2":[0,0],"3":[0,0],"4":[0,0],"5":[0,0],"6":[0,0],"7":[0,0],"8":[0,0],"9":[0,0],"10":[0,0]},"_coverageSchema":"332fd63041d2c1bcb487cc26dd0d5f7d97098a6c","hash":"6838eacc82b41d649a28f7193147cece7e067ce5"}
,"C:\\Users\\Pablo\\ARZ_LOGISTIC\\api\\controllers\\OfficesController.js": {"path":"C:\\Users\\Pablo\\ARZ_LOGISTIC\\api\\controllers\\OfficesController.js","statementMap":{"0":{"start":{"line":8,"column":0},"end":{"line":93,"column":2}},"1":{"start":{"line":19,"column":17},"end":{"line":19,"column":32}},"2":{"start":{"line":20,"column":2},"end":{"line":20,"column":22}},"3":{"start":{"line":21,"column":2},"end":{"line":43,"column":3}},"4":{"start":{"line":22,"column":3},"end":{"line":24,"column":4}},"5":{"start":{"line":23,"column":4},"end":{"line":23,"column":44}},"6":{"start":{"line":26,"column":3},"end":{"line":28,"column":4}},"7":{"start":{"line":27,"column":4},"end":{"line":27,"column":60}},"8":{"start":{"line":30,"column":3},"end":{"line":35,"column":6}},"9":{"start":{"line":31,"column":4},"end":{"line":33,"column":5}},"10":{"start":{"line":32,"column":5},"end":{"line":32,"column":58}},"11":{"start":{"line":34,"column":4},"end":{"line":34,"column":29}},"12":{"start":{"line":37,"column":3},"end":{"line":42,"column":6}},"13":{"start":{"line":38,"column":4},"end":{"line":40,"column":5}},"14":{"start":{"line":39,"column":5},"end":{"line":39,"column":58}},"15":{"start":{"line":41,"column":4},"end":{"line":41,"column":29}},"16":{"start":{"line":54,"column":2},"end":{"line":59,"column":5}},"17":{"start":{"line":55,"column":3},"end":{"line":57,"column":4}},"18":{"start":{"line":56,"column":4},"end":{"line":56,"column":57}},"19":{"start":{"line":58,"column":3},"end":{"line":58,"column":27}},"20":{"start":{"line":64,"column":13},"end":{"line":64,"column":24}},"21":{"start":{"line":65,"column":2},"end":{"line":65,"column":20}},"22":{"start":{"line":67,"column":2},"end":{"line":74,"column":5}},"23":{"start":{"line":68,"column":3},"end":{"line":68,"column":19}},"24":{"start":{"line":69,"column":3},"end":{"line":69,"column":22}},"25":{"start":{"line":70,"column":3},"end":{"line":72,"column":4}},"26":{"start":{"line":71,"column":4},"end":{"line":71,"column":57}},"27":{"start":{"line":73,"column":3},"end":{"line":73,"column":27}},"28":{"start":{"line":80,"column":13},"end":{"line":80,"column":24}},"29":{"start":{"line":81,"column":2},"end":{"line":81,"column":20}},"30":{"start":{"line":83,"column":2},"end":{"line":88,"column":5}},"31":{"start":{"line":84,"column":3},"end":{"line":86,"column":4}},"32":{"start":{"line":85,"column":4},"end":{"line":85,"column":57}},"33":{"start":{"line":87,"column":3},"end":{"line":87,"column":18}}},"fnMap":{"0":{"name":"(anonymous_0)","decl":{"start":{"line":30,"column":29},"end":{"line":30,"column":30}},"loc":{"start":{"line":30,"column":47},"end":{"line":35,"column":4}},"line":30},"1":{"name":"(anonymous_1)","decl":{"start":{"line":37,"column":23},"end":{"line":37,"column":24}},"loc":{"start":{"line":37,"column":41},"end":{"line":42,"column":4}},"line":37},"2":{"name":"(anonymous_2)","decl":{"start":{"line":54,"column":32},"end":{"line":54,"column":33}},"loc":{"start":{"line":54,"column":49},"end":{"line":59,"column":3}},"line":54},"3":{"name":"(anonymous_3)","decl":{"start":{"line":67,"column":48},"end":{"line":67,"column":49}},"loc":{"start":{"line":67,"column":65},"end":{"line":74,"column":3}},"line":67},"4":{"name":"(anonymous_4)","decl":{"start":{"line":83,"column":48},"end":{"line":83,"column":49}},"loc":{"start":{"line":83,"column":65},"end":{"line":88,"column":3}},"line":83}},"branchMap":{"0":{"loc":{"start":{"line":21,"column":2},"end":{"line":43,"column":3}},"type":"if","locations":[{"start":{"line":21,"column":2},"end":{"line":43,"column":3}},{"start":{"line":21,"column":2},"end":{"line":43,"column":3}}],"line":21},"1":{"loc":{"start":{"line":22,"column":3},"end":{"line":24,"column":4}},"type":"if","locations":[{"start":{"line":22,"column":3},"end":{"line":24,"column":4}},{"start":{"line":22,"column":3},"end":{"line":24,"column":4}}],"line":22},"2":{"loc":{"start":{"line":26,"column":3},"end":{"line":28,"column":4}},"type":"if","locations":[{"start":{"line":26,"column":3},"end":{"line":28,"column":4}},{"start":{"line":26,"column":3},"end":{"line":28,"column":4}}],"line":26},"3":{"loc":{"start":{"line":31,"column":4},"end":{"line":33,"column":5}},"type":"if","locations":[{"start":{"line":31,"column":4},"end":{"line":33,"column":5}},{"start":{"line":31,"column":4},"end":{"line":33,"column":5}}],"line":31},"4":{"loc":{"start":{"line":38,"column":4},"end":{"line":40,"column":5}},"type":"if","locations":[{"start":{"line":38,"column":4},"end":{"line":40,"column":5}},{"start":{"line":38,"column":4},"end":{"line":40,"column":5}}],"line":38},"5":{"loc":{"start":{"line":55,"column":3},"end":{"line":57,"column":4}},"type":"if","locations":[{"start":{"line":55,"column":3},"end":{"line":57,"column":4}},{"start":{"line":55,"column":3},"end":{"line":57,"column":4}}],"line":55},"6":{"loc":{"start":{"line":70,"column":3},"end":{"line":72,"column":4}},"type":"if","locations":[{"start":{"line":70,"column":3},"end":{"line":72,"column":4}},{"start":{"line":70,"column":3},"end":{"line":72,"column":4}}],"line":70},"7":{"loc":{"start":{"line":84,"column":3},"end":{"line":86,"column":4}},"type":"if","locations":[{"start":{"line":84,"column":3},"end":{"line":86,"column":4}},{"start":{"line":84,"column":3},"end":{"line":86,"column":4}}],"line":84}},"s":{"0":1,"1":0,"2":0,"3":0,"4":0,"5":0,"6":0,"7":0,"8":0,"9":0,"10":0,"11":0,"12":0,"13":0,"14":0,"15":0,"16":0,"17":0,"18":0,"19":0,"20":0,"21":0,"22":0,"23":0,"24":0,"25":0,"26":0,"27":0,"28":0,"29":0,"30":0,"31":0,"32":0,"33":0},"f":{"0":0,"1":0,"2":0,"3":0,"4":0},"b":{"0":[0,0],"1":[0,0],"2":[0,0],"3":[0,0],"4":[0,0],"5":[0,0],"6":[0,0],"7":[0,0]},"_coverageSchema":"332fd63041d2c1bcb487cc26dd0d5f7d97098a6c","hash":"d6112e2c92121a7160df2258dd85a298296d92d5"}
,"C:\\Users\\Pablo\\ARZ_LOGISTIC\\api\\helpers\\distance-matrix.js": {"path":"C:\\Users\\Pablo\\ARZ_LOGISTIC\\api\\helpers\\distance-matrix.js","statementMap":{"0":{"start":{"line":1,"column":0},"end":{"line":62,"column":1}},"1":{"start":{"line":35,"column":4},"end":{"line":35,"column":31}},"2":{"start":{"line":36,"column":16},"end":{"line":36,"column":32}},"3":{"start":{"line":37,"column":17},"end":{"line":37,"column":50}},"4":{"start":{"line":38,"column":4},"end":{"line":38,"column":38}},"5":{"start":{"line":39,"column":4},"end":{"line":39,"column":29}},"6":{"start":{"line":40,"column":4},"end":{"line":40,"column":31}},"7":{"start":{"line":41,"column":17},"end":{"line":41,"column":19}},"8":{"start":{"line":42,"column":4},"end":{"line":42,"column":30}},"9":{"start":{"line":43,"column":22},"end":{"line":43,"column":24}},"10":{"start":{"line":44,"column":4},"end":{"line":44,"column":37}},"11":{"start":{"line":47,"column":12},"end":{"line":56,"column":6}},"12":{"start":{"line":49,"column":5},"end":{"line":55,"column":9}},"13":{"start":{"line":50,"column":8},"end":{"line":50,"column":30}},"14":{"start":{"line":51,"column":6},"end":{"line":53,"column":7}},"15":{"start":{"line":52,"column":8},"end":{"line":52,"column":30}},"16":{"start":{"line":54,"column":6},"end":{"line":54,"column":24}},"17":{"start":{"line":58,"column":4},"end":{"line":58,"column":27}}},"fnMap":{"0":{"name":"(anonymous_0)","decl":{"start":{"line":34,"column":6},"end":{"line":34,"column":7}},"loc":{"start":{"line":34,"column":36},"end":{"line":60,"column":3}},"line":34},"1":{"name":"(anonymous_1)","decl":{"start":{"line":47,"column":25},"end":{"line":47,"column":26}},"loc":{"start":{"line":47,"column":46},"end":{"line":56,"column":5}},"line":47},"2":{"name":"(anonymous_2)","decl":{"start":{"line":49,"column":42},"end":{"line":49,"column":43}},"loc":{"start":{"line":49,"column":67},"end":{"line":55,"column":7}},"line":49}},"branchMap":{"0":{"loc":{"start":{"line":51,"column":6},"end":{"line":53,"column":7}},"type":"if","locations":[{"start":{"line":51,"column":6},"end":{"line":53,"column":7}},{"start":{"line":51,"column":6},"end":{"line":53,"column":7}}],"line":51}},"s":{"0":1,"1":0,"2":0,"3":0,"4":0,"5":0,"6":0,"7":0,"8":0,"9":0,"10":0,"11":0,"12":0,"13":0,"14":0,"15":0,"16":0,"17":0},"f":{"0":0,"1":0,"2":0},"b":{"0":[0,0]},"_coverageSchema":"332fd63041d2c1bcb487cc26dd0d5f7d97098a6c","hash":"a8898489ea0510f4ca0f71af3a569c7938909606"}
,"C:\\Users\\Pablo\\ARZ_LOGISTIC\\api\\helpers\\distpacher.js": {"path":"C:\\Users\\Pablo\\ARZ_LOGISTIC\\api\\helpers\\distpacher.js","statementMap":{"0":{"start":{"line":1,"column":0},"end":{"line":201,"column":2}},"1":{"start":{"line":29,"column":17},"end":{"line":29,"column":34}},"2":{"start":{"line":30,"column":23},"end":{"line":30,"column":51}},"3":{"start":{"line":32,"column":16},"end":{"line":32,"column":142}},"4":{"start":{"line":34,"column":14},"end":{"line":34,"column":28}},"5":{"start":{"line":35,"column":19},"end":{"line":35,"column":35}},"6":{"start":{"line":36,"column":2},"end":{"line":36,"column":37}},"7":{"start":{"line":37,"column":2},"end":{"line":37,"column":47}},"8":{"start":{"line":38,"column":2},"end":{"line":38,"column":37}},"9":{"start":{"line":39,"column":2},"end":{"line":39,"column":58}},"10":{"start":{"line":40,"column":2},"end":{"line":40,"column":26}},"11":{"start":{"line":41,"column":2},"end":{"line":41,"column":50}},"12":{"start":{"line":57,"column":19},"end":{"line":57,"column":41}},"13":{"start":{"line":59,"column":16},"end":{"line":59,"column":18}},"14":{"start":{"line":60,"column":2},"end":{"line":97,"column":3}},"15":{"start":{"line":61,"column":20},"end":{"line":61,"column":85}},"16":{"start":{"line":62,"column":3},"end":{"line":96,"column":4}},"17":{"start":{"line":63,"column":19},"end":{"line":63,"column":47}},"18":{"start":{"line":64,"column":21},"end":{"line":64,"column":72}},"19":{"start":{"line":65,"column":21},"end":{"line":71,"column":5}},"20":{"start":{"line":75,"column":4},"end":{"line":78,"column":13}},"21":{"start":{"line":76,"column":13},"end":{"line":76,"column":36}},"22":{"start":{"line":77,"column":13},"end":{"line":77,"column":21}},"23":{"start":{"line":80,"column":20},"end":{"line":80,"column":21}},"24":{"start":{"line":81,"column":10},"end":{"line":86,"column":10}},"25":{"start":{"line":82,"column":13},"end":{"line":85,"column":14}},"26":{"start":{"line":83,"column":15},"end":{"line":83,"column":23}},"27":{"start":{"line":84,"column":15},"end":{"line":84,"column":21}},"28":{"start":{"line":88,"column":9},"end":{"line":92,"column":11}},"29":{"start":{"line":89,"column":13},"end":{"line":89,"column":58}},"30":{"start":{"line":91,"column":13},"end":{"line":91,"column":46}},"31":{"start":{"line":119,"column":2},"end":{"line":143,"column":3}},"32":{"start":{"line":120,"column":23},"end":{"line":120,"column":103}},"33":{"start":{"line":121,"column":24},"end":{"line":121,"column":59}},"34":{"start":{"line":122,"column":23},"end":{"line":122,"column":40}},"35":{"start":{"line":124,"column":3},"end":{"line":126,"column":4}},"36":{"start":{"line":125,"column":4},"end":{"line":125,"column":13}},"37":{"start":{"line":128,"column":3},"end":{"line":142,"column":4}},"38":{"start":{"line":129,"column":4},"end":{"line":129,"column":74}},"39":{"start":{"line":130,"column":4},"end":{"line":130,"column":37}},"40":{"start":{"line":131,"column":4},"end":{"line":131,"column":29}},"41":{"start":{"line":132,"column":4},"end":{"line":132,"column":31}},"42":{"start":{"line":133,"column":4},"end":{"line":133,"column":36}},"43":{"start":{"line":135,"column":19},"end":{"line":135,"column":122}},"44":{"start":{"line":138,"column":4},"end":{"line":140,"column":5}},"45":{"start":{"line":139,"column":5},"end":{"line":139,"column":44}},"46":{"start":{"line":141,"column":4},"end":{"line":141,"column":10}},"47":{"start":{"line":160,"column":2},"end":{"line":181,"column":3}},"48":{"start":{"line":161,"column":3},"end":{"line":180,"column":4}},"49":{"start":{"line":162,"column":25},"end":{"line":162,"column":60}},"50":{"start":{"line":163,"column":24},"end":{"line":163,"column":41}},"51":{"start":{"line":165,"column":4},"end":{"line":179,"column":5}},"52":{"start":{"line":166,"column":5},"end":{"line":166,"column":75}},"53":{"start":{"line":167,"column":5},"end":{"line":167,"column":38}},"54":{"start":{"line":168,"column":5},"end":{"line":168,"column":30}},"55":{"start":{"line":169,"column":5},"end":{"line":169,"column":32}},"56":{"start":{"line":170,"column":5},"end":{"line":170,"column":37}},"57":{"start":{"line":173,"column":20},"end":{"line":173,"column":123}},"58":{"start":{"line":175,"column":5},"end":{"line":177,"column":6}},"59":{"start":{"line":176,"column":6},"end":{"line":176,"column":45}},"60":{"start":{"line":178,"column":5},"end":{"line":178,"column":11}},"61":{"start":{"line":190,"column":2},"end":{"line":192,"column":3}},"62":{"start":{"line":191,"column":3},"end":{"line":191,"column":26}},"63":{"start":{"line":194,"column":16},"end":{"line":194,"column":49}},"64":{"start":{"line":196,"column":2},"end":{"line":196,"column":21}},"65":{"start":{"line":198,"column":2},"end":{"line":198,"column":30}}},"fnMap":{},"branchMap":{"0":{"loc":{"start":{"line":62,"column":3},"end":{"line":96,"column":4}},"type":"if","locations":[{"start":{"line":62,"column":3},"end":{"line":96,"column":4}},{"start":{"line":62,"column":3},"end":{"line":96,"column":4}}],"line":62},"1":{"loc":{"start":{"line":75,"column":4},"end":{"line":78,"column":13}},"type":"if","locations":[{"start":{"line":75,"column":4},"end":{"line":78,"column":13}},{"start":{"line":75,"column":4},"end":{"line":78,"column":13}}],"line":75},"2":{"loc":{"start":{"line":82,"column":13},"end":{"line":85,"column":14}},"type":"if","locations":[{"start":{"line":82,"column":13},"end":{"line":85,"column":14}},{"start":{"line":82,"column":13},"end":{"line":85,"column":14}}],"line":82},"3":{"loc":{"start":{"line":88,"column":9},"end":{"line":92,"column":11}},"type":"if","locations":[{"start":{"line":88,"column":9},"end":{"line":92,"column":11}},{"start":{"line":88,"column":9},"end":{"line":92,"column":11}}],"line":88},"4":{"loc":{"start":{"line":124,"column":3},"end":{"line":126,"column":4}},"type":"if","locations":[{"start":{"line":124,"column":3},"end":{"line":126,"column":4}},{"start":{"line":124,"column":3},"end":{"line":126,"column":4}}],"line":124},"5":{"loc":{"start":{"line":128,"column":3},"end":{"line":142,"column":4}},"type":"if","locations":[{"start":{"line":128,"column":3},"end":{"line":142,"column":4}},{"start":{"line":128,"column":3},"end":{"line":142,"column":4}}],"line":128},"6":{"loc":{"start":{"line":138,"column":4},"end":{"line":140,"column":5}},"type":"if","locations":[{"start":{"line":138,"column":4},"end":{"line":140,"column":5}},{"start":{"line":138,"column":4},"end":{"line":140,"column":5}}],"line":138},"7":{"loc":{"start":{"line":160,"column":2},"end":{"line":181,"column":3}},"type":"if","locations":[{"start":{"line":160,"column":2},"end":{"line":181,"column":3}},{"start":{"line":160,"column":2},"end":{"line":181,"column":3}}],"line":160},"8":{"loc":{"start":{"line":165,"column":4},"end":{"line":179,"column":5}},"type":"if","locations":[{"start":{"line":165,"column":4},"end":{"line":179,"column":5}},{"start":{"line":165,"column":4},"end":{"line":179,"column":5}}],"line":165},"9":{"loc":{"start":{"line":175,"column":5},"end":{"line":177,"column":6}},"type":"if","locations":[{"start":{"line":175,"column":5},"end":{"line":177,"column":6}},{"start":{"line":175,"column":5},"end":{"line":177,"column":6}}],"line":175},"10":{"loc":{"start":{"line":190,"column":2},"end":{"line":192,"column":3}},"type":"if","locations":[{"start":{"line":190,"column":2},"end":{"line":192,"column":3}},{"start":{"line":190,"column":2},"end":{"line":192,"column":3}}],"line":190}},"s":{"0":1,"1":0,"2":0,"3":0,"4":0,"5":0,"6":0,"7":0,"8":0,"9":0,"10":0,"11":0,"12":0,"13":0,"14":0,"15":0,"16":0,"17":0,"18":0,"19":0,"20":0,"21":0,"22":0,"23":0,"24":0,"25":0,"26":0,"27":0,"28":0,"29":0,"30":0,"31":0,"32":0,"33":0,"34":0,"35":0,"36":0,"37":0,"38":0,"39":0,"40":0,"41":0,"42":0,"43":0,"44":0,"45":0,"46":0,"47":0,"48":0,"49":0,"50":0,"51":0,"52":0,"53":0,"54":0,"55":0,"56":0,"57":0,"58":0,"59":0,"60":0,"61":0,"62":0,"63":0,"64":0,"65":0},"f":{},"b":{"0":[0,0],"1":[0,0],"2":[0,0],"3":[0,0],"4":[0,0],"5":[0,0],"6":[0,0],"7":[0,0],"8":[0,0],"9":[0,0],"10":[0,0]},"_coverageSchema":"332fd63041d2c1bcb487cc26dd0d5f7d97098a6c","hash":"9ffbb9844ba5e8be54ee574621fa602405370ff3"}
,"C:\\Users\\Pablo\\ARZ_LOGISTIC\\api\\models\\Inbox.js": {"path":"C:\\Users\\Pablo\\ARZ_LOGISTIC\\api\\models\\Inbox.js","statementMap":{"0":{"start":{"line":8,"column":0},"end":{"line":61,"column":2}}},"fnMap":{},"branchMap":{},"s":{"0":1},"f":{},"b":{},"_coverageSchema":"332fd63041d2c1bcb487cc26dd0d5f7d97098a6c","hash":"0a939e88f9537be29fb2b735804da65c4d69a8f9"}
,"C:\\Users\\Pablo\\ARZ_LOGISTIC\\api\\models\\Offices.js": {"path":"C:\\Users\\Pablo\\ARZ_LOGISTIC\\api\\models\\Offices.js","statementMap":{"0":{"start":{"line":8,"column":0},"end":{"line":52,"column":2}}},"fnMap":{},"branchMap":{},"s":{"0":1},"f":{},"b":{},"_coverageSchema":"332fd63041d2c1bcb487cc26dd0d5f7d97098a6c","hash":"b458e06755d4396262687a746eda93bb17146cea"}
,"C:\\Users\\Pablo\\ARZ_LOGISTIC\\api\\services\\past-date.js": {"path":"C:\\Users\\Pablo\\ARZ_LOGISTIC\\api\\services\\past-date.js","statementMap":{"0":{"start":{"line":10,"column":0},"end":{"line":14,"column":1}},"1":{"start":{"line":12,"column":16},"end":{"line":12,"column":33}},"2":{"start":{"line":13,"column":1},"end":{"line":13,"column":61}}},"fnMap":{"0":{"name":"(anonymous_0)","decl":{"start":{"line":10,"column":15},"end":{"line":10,"column":16}},"loc":{"start":{"line":10,"column":29},"end":{"line":14,"column":1}},"line":10}},"branchMap":{},"s":{"0":1,"1":0,"2":0},"f":{"0":0},"b":{},"_coverageSchema":"332fd63041d2c1bcb487cc26dd0d5f7d97098a6c","hash":"a04b663bf297c98961d5eee52586646bdc3b20fb"}
,"C:\\Users\\Pablo\\ARZ_LOGISTIC\\api\\services\\today.js": {"path":"C:\\Users\\Pablo\\ARZ_LOGISTIC\\api\\services\\today.js","statementMap":{"0":{"start":{"line":7,"column":0},"end":{"line":23,"column":1}},"1":{"start":{"line":9,"column":13},"end":{"line":9,"column":23}},"2":{"start":{"line":10,"column":10},"end":{"line":10,"column":25}},"3":{"start":{"line":11,"column":10},"end":{"line":11,"column":30}},"4":{"start":{"line":13,"column":12},"end":{"line":13,"column":31}},"5":{"start":{"line":14,"column":1},"end":{"line":16,"column":2}},"6":{"start":{"line":15,"column":4},"end":{"line":15,"column":18}},"7":{"start":{"line":17,"column":1},"end":{"line":19,"column":2}},"8":{"start":{"line":18,"column":3},"end":{"line":18,"column":17}},"9":{"start":{"line":21,"column":1},"end":{"line":21,"column":31}}},"fnMap":{"0":{"name":"(anonymous_0)","decl":{"start":{"line":7,"column":15},"end":{"line":7,"column":16}},"loc":{"start":{"line":7,"column":25},"end":{"line":23,"column":1}},"line":7}},"branchMap":{"0":{"loc":{"start":{"line":14,"column":1},"end":{"line":16,"column":2}},"type":"if","locations":[{"start":{"line":14,"column":1},"end":{"line":16,"column":2}},{"start":{"line":14,"column":1},"end":{"line":16,"column":2}}],"line":14},"1":{"loc":{"start":{"line":17,"column":1},"end":{"line":19,"column":2}},"type":"if","locations":[{"start":{"line":17,"column":1},"end":{"line":19,"column":2}},{"start":{"line":17,"column":1},"end":{"line":19,"column":2}}],"line":17}},"s":{"0":1,"1":1,"2":1,"3":1,"4":1,"5":1,"6":0,"7":1,"8":1,"9":1},"f":{"0":1},"b":{"0":[0,1],"1":[1,0]},"_coverageSchema":"332fd63041d2c1bcb487cc26dd0d5f7d97098a6c","hash":"3db814edec57e2d70494f3770b43a6e3bf69669d"}
,"C:\\Users\\Pablo\\ARZ_LOGISTIC\\config\\blueprints.js": {"path":"C:\\Users\\Pablo\\ARZ_LOGISTIC\\config\\blueprints.js","statementMap":{"0":{"start":{"line":12,"column":0},"end":{"line":41,"column":2}}},"fnMap":{},"branchMap":{},"s":{"0":1},"f":{},"b":{},"_coverageSchema":"332fd63041d2c1bcb487cc26dd0d5f7d97098a6c","hash":"6326626d7eff5e303cbf30c4675754c928cc6178"}
,"C:\\Users\\Pablo\\ARZ_LOGISTIC\\config\\bootstrap.js": {"path":"C:\\Users\\Pablo\\ARZ_LOGISTIC\\config\\bootstrap.js","statementMap":{"0":{"start":{"line":12,"column":0},"end":{"line":30,"column":2}}},"fnMap":{"0":{"name":"(anonymous_0)","decl":{"start":{"line":12,"column":27},"end":{"line":12,"column":28}},"loc":{"start":{"line":12,"column":44},"end":{"line":30,"column":1}},"line":12}},"branchMap":{},"s":{"0":1},"f":{"0":1},"b":{},"_coverageSchema":"332fd63041d2c1bcb487cc26dd0d5f7d97098a6c","hash":"29e1a64db34855fbd9bf42e60ec7637574d3c81d"}
,"C:\\Users\\Pablo\\ARZ_LOGISTIC\\config\\custom.js": {"path":"C:\\Users\\Pablo\\ARZ_LOGISTIC\\config\\custom.js","statementMap":{"0":{"start":{"line":11,"column":0},"end":{"line":27,"column":2}}},"fnMap":{},"branchMap":{},"s":{"0":1},"f":{},"b":{},"_coverageSchema":"332fd63041d2c1bcb487cc26dd0d5f7d97098a6c","hash":"822cfc773d3e4268a9cf0d995e7af0b39b16d41d"}
,"C:\\Users\\Pablo\\ARZ_LOGISTIC\\config\\datastores.js": {"path":"C:\\Users\\Pablo\\ARZ_LOGISTIC\\config\\datastores.js","statementMap":{"0":{"start":{"line":16,"column":0},"end":{"line":67,"column":2}}},"fnMap":{},"branchMap":{},"s":{"0":1},"f":{},"b":{},"_coverageSchema":"332fd63041d2c1bcb487cc26dd0d5f7d97098a6c","hash":"ec6fdfccdc501d4827c4b10e8516ebf75eebd2cb"}
,"C:\\Users\\Pablo\\ARZ_LOGISTIC\\config\\globals.js": {"path":"C:\\Users\\Pablo\\ARZ_LOGISTIC\\config\\globals.js","statementMap":{"0":{"start":{"line":12,"column":0},"end":{"line":57,"column":2}}},"fnMap":{},"branchMap":{},"s":{"0":1},"f":{},"b":{},"_coverageSchema":"332fd63041d2c1bcb487cc26dd0d5f7d97098a6c","hash":"48620ab021ab58c3f66e703f74fe627def05e33f"}
,"C:\\Users\\Pablo\\ARZ_LOGISTIC\\config\\http.js": {"path":"C:\\Users\\Pablo\\ARZ_LOGISTIC\\config\\http.js","statementMap":{"0":{"start":{"line":12,"column":0},"end":{"line":60,"column":2}}},"fnMap":{},"branchMap":{},"s":{"0":1},"f":{},"b":{},"_coverageSchema":"332fd63041d2c1bcb487cc26dd0d5f7d97098a6c","hash":"1f29af2a25f7207b1c1e5f383a689538d90e7f4d"}
,"C:\\Users\\Pablo\\ARZ_LOGISTIC\\config\\i18n.js": {"path":"C:\\Users\\Pablo\\ARZ_LOGISTIC\\config\\i18n.js","statementMap":{"0":{"start":{"line":15,"column":0},"end":{"line":45,"column":2}}},"fnMap":{},"branchMap":{},"s":{"0":1},"f":{},"b":{},"_coverageSchema":"332fd63041d2c1bcb487cc26dd0d5f7d97098a6c","hash":"0e4b886c23435b5a4abc617afc3662fa97723317"}
,"C:\\Users\\Pablo\\ARZ_LOGISTIC\\config\\local.js": {"path":"C:\\Users\\Pablo\\ARZ_LOGISTIC\\config\\local.js","statementMap":{"0":{"start":{"line":11,"column":0},"end":{"line":16,"column":2}}},"fnMap":{},"branchMap":{},"s":{"0":1},"f":{},"b":{},"_coverageSchema":"332fd63041d2c1bcb487cc26dd0d5f7d97098a6c","hash":"3cad855931330c9796cc82e6846ebf1ec73895be"}
,"C:\\Users\\Pablo\\ARZ_LOGISTIC\\config\\log.js": {"path":"C:\\Users\\Pablo\\ARZ_LOGISTIC\\config\\log.js","statementMap":{"0":{"start":{"line":13,"column":0},"end":{"line":29,"column":2}}},"fnMap":{},"branchMap":{},"s":{"0":1},"f":{},"b":{},"_coverageSchema":"332fd63041d2c1bcb487cc26dd0d5f7d97098a6c","hash":"e00b9e60e929d9e5a49369fc62816caa9a415064"}
,"C:\\Users\\Pablo\\ARZ_LOGISTIC\\config\\models.js": {"path":"C:\\Users\\Pablo\\ARZ_LOGISTIC\\config\\models.js","statementMap":{"0":{"start":{"line":16,"column":0},"end":{"line":130,"column":2}}},"fnMap":{},"branchMap":{},"s":{"0":1},"f":{},"b":{},"_coverageSchema":"332fd63041d2c1bcb487cc26dd0d5f7d97098a6c","hash":"652b8af79b2312942c2792635d0a1a3045142f54"}
,"C:\\Users\\Pablo\\ARZ_LOGISTIC\\config\\policies.js": {"path":"C:\\Users\\Pablo\\ARZ_LOGISTIC\\config\\policies.js","statementMap":{"0":{"start":{"line":11,"column":0},"end":{"line":22,"column":2}}},"fnMap":{},"branchMap":{},"s":{"0":1},"f":{},"b":{},"_coverageSchema":"332fd63041d2c1bcb487cc26dd0d5f7d97098a6c","hash":"07f9e60e879aa4d75ad125146fd5bea3503ec4c2"}
,"C:\\Users\\Pablo\\ARZ_LOGISTIC\\config\\routes.js": {"path":"C:\\Users\\Pablo\\ARZ_LOGISTIC\\config\\routes.js","statementMap":{"0":{"start":{"line":11,"column":0},"end":{"line":86,"column":2}}},"fnMap":{},"branchMap":{},"s":{"0":1},"f":{},"b":{},"_coverageSchema":"332fd63041d2c1bcb487cc26dd0d5f7d97098a6c","hash":"aae4807609420c36d68aaa95708a4eee8fca9efe"}
,"C:\\Users\\Pablo\\ARZ_LOGISTIC\\config\\security.js": {"path":"C:\\Users\\Pablo\\ARZ_LOGISTIC\\config\\security.js","statementMap":{"0":{"start":{"line":16,"column":0},"end":{"line":54,"column":2}}},"fnMap":{},"branchMap":{},"s":{"0":1},"f":{},"b":{},"_coverageSchema":"332fd63041d2c1bcb487cc26dd0d5f7d97098a6c","hash":"926bd6beca1f68d7d9005d7cf959313ca8dd9fd7"}
,"C:\\Users\\Pablo\\ARZ_LOGISTIC\\config\\session.js": {"path":"C:\\Users\\Pablo\\ARZ_LOGISTIC\\config\\session.js","statementMap":{"0":{"start":{"line":12,"column":0},"end":{"line":39,"column":2}}},"fnMap":{},"branchMap":{},"s":{"0":1},"f":{},"b":{},"_coverageSchema":"332fd63041d2c1bcb487cc26dd0d5f7d97098a6c","hash":"32ed74f2fccba8216df1317a8b9996c84d7d2d9c"}
,"C:\\Users\\Pablo\\ARZ_LOGISTIC\\config\\sockets.js": {"path":"C:\\Users\\Pablo\\ARZ_LOGISTIC\\config\\sockets.js","statementMap":{"0":{"start":{"line":12,"column":0},"end":{"line":82,"column":2}}},"fnMap":{},"branchMap":{},"s":{"0":1},"f":{},"b":{},"_coverageSchema":"332fd63041d2c1bcb487cc26dd0d5f7d97098a6c","hash":"0d4f4fe07362ec4847925e865a9e0f4dcabdc81e"}
,"C:\\Users\\Pablo\\ARZ_LOGISTIC\\config\\views.js": {"path":"C:\\Users\\Pablo\\ARZ_LOGISTIC\\config\\views.js","statementMap":{"0":{"start":{"line":17,"column":0},"end":{"line":41,"column":2}}},"fnMap":{},"branchMap":{},"s":{"0":1},"f":{},"b":{},"_coverageSchema":"332fd63041d2c1bcb487cc26dd0d5f7d97098a6c","hash":"fa94872146a52ffe715637909dd616d906f9b7b7"}
,"C:\\Users\\Pablo\\ARZ_LOGISTIC\\jest\\setup.js": {"path":"C:\\Users\\Pablo\\ARZ_LOGISTIC\\jest\\setup.js","statementMap":{"0":{"start":{"line":1,"column":14},"end":{"line":1,"column":30}},"1":{"start":{"line":2,"column":15},"end":{"line":2,"column":48}},"2":{"start":{"line":3,"column":16},"end":{"line":3,"column":36}},"3":{"start":{"line":6,"column":0},"end":{"line":25,"column":3}},"4":{"start":{"line":7,"column":2},"end":{"line":24,"column":5}},"5":{"start":{"line":21,"column":3},"end":{"line":21,"column":47}},"6":{"start":{"line":22,"column":3},"end":{"line":22,"column":46}},"7":{"start":{"line":23,"column":4},"end":{"line":23,"column":21}},"8":{"start":{"line":27,"column":0},"end":{"line":27,"column":22}}},"fnMap":{"0":{"name":"(anonymous_0)","decl":{"start":{"line":6,"column":10},"end":{"line":6,"column":11}},"loc":{"start":{"line":6,"column":19},"end":{"line":25,"column":1}},"line":6},"1":{"name":"(anonymous_1)","decl":{"start":{"line":20,"column":5},"end":{"line":20,"column":6}},"loc":{"start":{"line":20,"column":12},"end":{"line":24,"column":3}},"line":20}},"branchMap":{},"s":{"0":1,"1":1,"2":1,"3":1,"4":1,"5":1,"6":1,"7":1,"8":1},"f":{"0":1,"1":1},"b":{},"_coverageSchema":"332fd63041d2c1bcb487cc26dd0d5f7d97098a6c","hash":"7b3145444d03be8876ec9083d4f2b9964f3a8a8c"}
}
